<?xml version="1.0" encoding="UTF-8" ?>
<testsuite tests="8" failures="0" name="TestRunner" time="1.902" errors="0" skipped="0">
  <properties>
[...]
</properties>
  <testcase classname="| 16 |" name="Given I am a person from Wales" time="0.017"/>
  <testcase classname="| 16 |" name="When I entered DOB for 16 years" time="0"/>
  <testcase classname="| 16 |" name="Then I should get a result of whether I will get help or not" time="0"/>
  <testcase classname="| 16 |" name="| 16 |" time="0.897"/>
  <testcase classname="| 35 |" name="Given I am a person from Wales" time="0"/>
  <testcase classname="| 35 |" name="When I entered DOB for 35 years" time="0"/>
  <testcase classname="| 35 |" name="Then I should get a result of whether I will get help or not" time="0"/>
  <testcase classname="| 35 |" name="| 35 |" time="0.988"/>
</testsuite>